<?xml version="1.0" encoding="UTF-8"?>
<testsuite xmlns:xsi="http://www.w3.org/2001/XMLSchema-instance" xsi:noNamespaceSchemaLocation="https://maven.apache.org/surefire/maven-surefire-plugin/xsd/surefire-test-report.xsd" version="3.0.2" name="badIceCream.controller.ControllerTest" time="0.507" tests="3" errors="0" skipped="0" failures="0">
  <properties>
[...]
</properties>
  <testcase name="testGetModel" classname="badIceCream.controller.ControllerTest" time="0.005"/>
  <testcase name="testStep" classname="badIceCream.controller.ControllerTest" time="0.496"/>
  <testcase name="testStepMonsters" classname="badIceCream.controller.ControllerTest" time="0.004"/>
</testsuite>